{"target": -6.289446843068447, "params": {"x": 2.003722843377683, "y": 2.809569454316385}, "datetime": {"datetime": "2019-12-10 20:41:46", "elapsed": 0.0, "delta": 0.0}}
{"target": 0.7889194789227849, "params": {"x": -0.4328791092037858, "y": 1.1539356940158845}, "datetime": {"datetime": "2019-12-10 20:41:46", "elapsed": 0.00283, "delta": 0.00283}}
{"target": 0.8084769206874886, "params": {"x": -0.34502338554385176, "y": 0.7307752932207557}, "datetime": {"datetime": "2019-12-10 20:41:50", "elapsed": 3.944721, "delta": 3.941891}}
{"target": 0.9209356238073364, "params": {"x": -0.03478370401663905, "y": 1.2790241389692771}, "datetime": {"datetime": "2019-12-10 20:41:54", "elapsed": 7.885175, "delta": 3.940454}}
{"target": 0.9847223227356264, "params": {"x": -0.12323781691970485, "y": 1.0094930366711006}, "datetime": {"datetime": "2019-12-10 20:41:58", "elapsed": 12.376136, "delta": 4.490961}}
